C:\Program Files (x86)\Microsoft Visual Studio\2019\Community\MSBuild\Microsoft\VC\v160\Microsoft.CppBuild.targets(491,5): warning MSB8028: The intermediate directory (x64\Debug\) contains files shared from another project (Project1.vcxproj).  This can lead to incorrect clean and rebuild behavior.
  Food.cpp
D:\GameDev\snake-sdl\snake\Project1\GameObject.h(12,48): warning C4244: 'argument': conversion from 'int' to 'float', possible loss of data
D:\GameDev\snake-sdl\snake\Project1\GameObject.h(12,37): warning C4244: 'argument': conversion from 'int' to 'float', possible loss of data
D:\GameDev\snake-sdl\snake\Project1\GameObject.h(14,18): warning C4244: '=': conversion from 'float' to 'int', possible loss of data
D:\GameDev\snake-sdl\snake\Project1\GameObject.h(15,18): warning C4244: '=': conversion from 'float' to 'int', possible loss of data
D:\GameDev\snake-sdl\snake\Project1\Food.h(9,55): warning C4244: 'argument': conversion from 'int' to 'float', possible loss of data
D:\GameDev\snake-sdl\snake\Project1\Food.h(9,39): warning C4244: 'argument': conversion from 'int' to 'float', possible loss of data
  Game.cpp
D:\GameDev\snake-sdl\snake\Project1\GameObject.h(12,48): warning C4244: 'argument': conversion from 'int' to 'float', possible loss of data
D:\GameDev\snake-sdl\snake\Project1\GameObject.h(12,37): warning C4244: 'argument': conversion from 'int' to 'float', possible loss of data
D:\GameDev\snake-sdl\snake\Project1\GameObject.h(14,18): warning C4244: '=': conversion from 'float' to 'int', possible loss of data
D:\GameDev\snake-sdl\snake\Project1\GameObject.h(15,18): warning C4244: '=': conversion from 'float' to 'int', possible loss of data
D:\GameDev\snake-sdl\snake\Project1\Food.h(9,55): warning C4244: 'argument': conversion from 'int' to 'float', possible loss of data
D:\GameDev\snake-sdl\snake\Project1\Food.h(9,39): warning C4244: 'argument': conversion from 'int' to 'float', possible loss of data
D:\GameDev\snake-sdl\snake\Project1\Game.cpp(88,29): warning C4244: '=': conversion from 'Uint32' to 'float', possible loss of data
D:\GameDev\snake-sdl\snake\Project1\Game.cpp(102,31): warning C4244: '=': conversion from 'Uint32' to 'float', possible loss of data
D:\GameDev\snake-sdl\snake\Project1\Game.cpp(171,29): warning C4244: '=': conversion from 'Uint32' to 'float', possible loss of data
  Generating Code...
  Project1.vcxproj -> D:\GameDev\snake-sdl\snake\x64\Debug\Snake.exe
